<?xml version="1.0" encoding="UTF-8" ?>
<testsuite tests="1" failures="0" name="test.TestLevels" time="7.366" errors="0" skipped="0">
  <properties>
    <property name="PROCESSOR_ARCHITECTURE" value="x86"/>
    <property name="user.language.format" value="es"/>
    <property name="LOGONSERVER" value="\\WADESAST02"/>
    <property name="ProgramData" value="C:\ProgramData"/>
    <property name="java.home" value="C:\Program Files\AdoptOpenJDK\jdk-15.0.0.36-hotspot"/>
    <property name="NODE_NAME" value="master"/>
    <property name="JENKINS_URL" value="http://localhost:8080/"/>
    <property name="ALLUSERSPROFILE" value="C:\ProgramData"/>
    <property name="PSModulePath" value="C:\Users\jfebrern\Documents\WindowsPowerShell\Modules;C:\Program Files\WindowsPowerShell\Modules;C:\WINDOWS\system32\WindowsPowerShell\v1.0\Modules"/>
    <property name="USERDOMAIN" value="CORP"/>
    <property name="sun.os.patch.level" value=""/>
    <property name="java.vendor.url" value="https://adoptopenjdk.net/"/>
    <property name="CommonProgramFiles(x86)" value="C:\Program Files (x86)\Common Files"/>
    <property name="java.version" value="15"/>
    <property name="JOB_NAME" value="SeleniumTesting"/>
    <property name="COMPUTERNAME" value="LES010211"/>
    <property name="ANDROID_HOME" value="C:\Users\jfebrern\AppData\Local\Android\Sdk"/>
    <property name="java.vendor.url.bug" value="https://github.com/AdoptOpenJDK/openjdk-support/issues"/>
    <property name="PUBLIC" value="C:\Users\Public"/>
    <property name="java.version.date" value="2020-09-15"/>
    <property name="jdk.debug" value="release"/>
    <property name="ChocolateyLastPathUpdate" value="132725456185668290"/>
    <property name="user.name" value="jfebrern"/>
    <property name="sun.io.unicode.encoding" value="UnicodeLittle"/>
    <property name="sun.jnu.encoding" value="Cp1252"/>
    <property name="java.runtime.name" value="OpenJDK Runtime Environment"/>
    <property name="windir" value="C:\WINDOWS"/>
    <property name="PROCESSOR_IDENTIFIER" value="Intel64 Family 6 Model 142 Stepping 12, GenuineIntel"/>
    <property name="java.specification.name" value="Java Platform API Specification"/>
    <property name="LOCALAPPDATA" value="C:\Users\jfebrern\AppData\Local"/>
    <property name="RUN_CHANGES_DISPLAY_URL" value="http://localhost:8080/job/SeleniumTesting/10/display/redirect?page=changes"/>
    <property name="user.timezone" value="Europe/Madrid"/>
    <property name="PROCESSOR_ARCHITEW6432" value="AMD64"/>
    <property name="user.script" value=""/>
    <property name="path.separator" value=";"/>
    <property name="NUMBER_OF_PROCESSORS" value="8"/>
    <property name="BUILD_TAG" value="jenkins-SeleniumTesting-10"/>
    <property name="GPPT_INSTALLFOLDER" value="c:\Installers"/>
    <property name="file.encoding" value="Cp1252"/>
    <property name="sun.java.command" value="jenkins.maven3.agent.Maven35Main C:\Software\maven\apache-maven-3.8.2 C:\Users\jfebrern\.jenkins\war\WEB-INF\lib\remoting-4.7.jar C:\Users\jfebrern\.jenkins\plugins\maven-plugin\WEB-INF\lib\maven35-interceptor-1.13.jar C:\Users\jfebrern\.jenkins\plugins\maven-plugin\WEB-INF\lib\maven3-interceptor-commons-1.13.jar 54876"/>
    <property name="HUDSON_URL" value="http://localhost:8080/"/>
    <property name="JENKINS_SERVER_COOKIE" value="596b649251a8e4d9"/>
    <property name="EXECUTOR_NUMBER" value="0"/>
    <property name="Path" value="C:\Program Files\AdoptOpenJDK\jdk-15.0.0.36-hotspot/bin;C:\Python39\Scripts\;C:\Python39\;C:\Program Files (x86)\Common Files\Oracle\Java\javapath;C:\Program Files\AdoptOpenJDK\jdk-15.0.0.36-hotspot\bin;C:\WINDOWS\system32;C:\WINDOWS;C:\WINDOWS\System32\Wbem;C:\WINDOWS\System32\WindowsPowerShell\v1.0\;C:\WINDOWS\System32\OpenSSH\;C:\Program Files\Docker\Docker\resources\bin;C:\ProgramData\DockerDesktop\version-bin;C:\Users\jfebrern\AppData\Local\Android\Sdk\platform-tools;C:\Users\jfebrern\AppData\Local\Android\Sdk\tools;C:\Users\jfebrern\AppData\Local\Microsoft\WindowsApps;C:\Users\jfebrern\AppData\Local\Programs\Microsoft VS Code\bin;C:\Users\jfebrern\AppData\Local\Programs\Git\cmd;C:\adb;C:\Program Files\nodejs\;C:\ProgramData\chocolatey\bin;C:\Users\jfebrern\AppData\Roaming\npm"/>
    <property name="java.io.tmpdir" value="C:\Users\jfebrern\AppData\Local\Temp\"/>
    <property name="APPDATA" value="C:\Users\jfebrern\AppData\Roaming"/>
    <property name="user.language" value="en"/>
    <property name="GPPT_LOGFOLDER" value="C:\SCCM_logs"/>
    <property name="GPPT_CACHEFOLDER" value="C:\Windows\ccmcache"/>
    <property name="line.separator" value="
"/>
    <property name="BUILD_URL" value="http://localhost:8080/job/SeleniumTesting/10/"/>
    <property name="WT_SESSION" value="44050290-5485-473b-a3cd-1850a78f9a3e"/>
    <property name="M2_HOME" value="C:\Software\maven\apache-maven-3.8.2"/>
    <property name="java.vm.info" value="mixed mode, sharing"/>
    <property name="DriverData" value="C:\Windows\System32\Drivers\DriverData"/>
    <property name="java.vm.specification.name" value="Java Virtual Machine Specification"/>
    <property name="CI" value="true"/>
    <property name="BUILD_DISPLAY_NAME" value="#10"/>
    <property name="OS" value="Windows_NT"/>
    <property name="guice.disable.misplaced.annotation.check" value="true"/>
    <property name="HUDSON_SERVER_COOKIE" value="596b649251a8e4d9"/>
    <property name="WORKSPACE_TMP" value="C:\Users\jfebrern\.jenkins\workspace\SeleniumTesting@tmp"/>
    <property name="MAVEN_HOME" value="C:\Software\maven\apache-maven-3.8.2"/>
    <property name="PATHEXT" value=".COM;.EXE;.BAT;.CMD;.VBS;.VBE;.JS;.JSE;.WSF;.WSH;.MSC;.PY;.PYW;.CPL"/>
    <property name="maven3.interceptor.common" value="C:\Users\jfebrern\.jenkins\plugins\maven-plugin\WEB-INF\lib\maven3-interceptor-commons-1.13.jar"/>
    <property name="CLASSPATH" value=""/>
    <property name="SAUCE_ACCESS_KEY" value="51ed1202-dae7-4cb4-96a6-492552f2aba5"/>
    <property name="user.country.format" value="ES"/>
    <property name="jansi.mode" value="strip"/>
    <property name="HOMEPATH" value="\Users\jfebrern"/>
    <property name="os.name" value="Windows 10"/>
    <property name="java.specification.vendor" value="Oracle Corporation"/>
    <property name="BUILD_NUMBER" value="10"/>
    <property name="java.vm.name" value="OpenJDK 64-Bit Server VM"/>
    <property name="maven3.interceptor" value="C:\Users\jfebrern\.jenkins\plugins\maven-plugin\WEB-INF\lib\maven35-interceptor-1.13.jar"/>
    <property name="java.library.path" value="C:\Program Files\AdoptOpenJDK\jdk-15.0.0.36-hotspot\bin;C:\WINDOWS\Sun\Java\bin;C:\WINDOWS\system32;C:\WINDOWS;C:\Software\maven\apache-maven-3.8.2/bin;C:\Program Files\AdoptOpenJDK\jdk-15.0.0.36-hotspot/bin;C:\Program Files\AdoptOpenJDK\jdk-15.0.0.36-hotspot/bin;C:\Python39\Scripts\;C:\Python39\;C:\Program Files (x86)\Common Files\Oracle\Java\javapath;C:\Program Files\AdoptOpenJDK\jdk-15.0.0.36-hotspot\bin;C:\WINDOWS\system32;C:\WINDOWS;C:\WINDOWS\System32\Wbem;C:\WINDOWS\System32\WindowsPowerShell\v1.0\;C:\WINDOWS\System32\OpenSSH\;C:\Program Files\Docker\Docker\resources\bin;C:\ProgramData\DockerDesktop\version-bin;C:\Users\jfebrern\AppData\Local\Android\Sdk\platform-tools;C:\Users\jfebrern\AppData\Local\Android\Sdk\tools;C:\Users\jfebrern\AppData\Local\Microsoft\WindowsApps;C:\Users\jfebrern\AppData\Local\Programs\Microsoft VS Code\bin;C:\Users\jfebrern\AppData\Local\Programs\Git\cmd;C:\adb;C:\Program Files\nodejs\;C:\ProgramData\chocolatey\bin;C:\Users\jfebrern\AppData\Roaming\npm;."/>
    <property name="HOMEDRIVE" value="C:"/>
    <property name="POM_GROUPID" value="com.sogeti"/>
    <property name="POM_ARTIFACTID" value="FormacionJavaSelenium-formacion"/>
    <property name="java.class.version" value="59.0"/>
    <property name="JOB_URL" value="http://localhost:8080/job/SeleniumTesting/"/>
    <property name="RUN_DISPLAY_URL" value="http://localhost:8080/job/SeleniumTesting/10/display/redirect"/>
    <property name="VBOX_MSI_INSTALL_PATH" value="C:\Program Files\Oracle\VirtualBox\"/>
    <property name="JENKINS_HOME" value="C:\Users\jfebrern\.jenkins"/>
    <property name="BUILD_ID" value="10"/>
    <property name="TEMP" value="C:\Users\jfebrern\AppData\Local\Temp"/>
    <property name="sun.boot.library.path" value="C:\Program Files\AdoptOpenJDK\jdk-15.0.0.36-hotspot\bin"/>
    <property name="sun.management.compiler" value="HotSpot 64-Bit Tiered Compilers"/>
    <property name="user.variant" value=""/>
    <property name="PROCESSOR_REVISION" value="8e0c"/>
    <property name="POM_VERSION" value="0.0.1-SNAPSHOT"/>
    <property name="HUDSON_HOME" value="C:\Users\jfebrern\.jenkins"/>
    <property name="ProgramFiles(x86)" value="C:\Program Files (x86)"/>
    <property name="PATH+MAVEN" value="C:\Software\maven\apache-maven-3.8.2/bin"/>
    <property name="USERDOMAIN_ROAMINGPROFILE" value="CORP"/>
    <property name="RUN_ARTIFACTS_DISPLAY_URL" value="http://localhost:8080/job/SeleniumTesting/10/display/redirect?page=artifacts"/>
    <property name="java.vm.specification.version" value="15"/>
    <property name="JAVA_HOME" value="C:\Program Files\AdoptOpenJDK\jdk-15.0.0.36-hotspot"/>
    <property name="NODE_LABELS" value="master"/>
    <property name="sun.cpu.isalist" value="amd64"/>
    <property name="USERPROFILE" value="C:\Users\jfebrern"/>
    <property name="java.vm.compressedOopsMode" value="32-bit"/>
    <property name="JOB_DISPLAY_URL" value="http://localhost:8080/job/SeleniumTesting/display/redirect"/>
    <property name="os.version" value="10.0"/>
    <property name="user.home" value="C:\Users\jfebrern"/>
    <property name="USERNAME" value="jfebrern"/>
    <property name="java.vm.vendor" value="AdoptOpenJDK"/>
    <property name="PROCESSOR_LEVEL" value="6"/>
    <property name="USERDNSDOMAIN" value="CORP.CAPGEMINI.COM"/>
    <property name="CommonProgramW6432" value="C:\Program Files\Common Files"/>
    <property name="user.dir" value="C:\Users\jfebrern\Downloads\Java Selenium FormaciÃ³n"/>
    <property name="maven.conf" value="C:\Software\maven\apache-maven-3.8.2\conf"/>
    <property name="ProgramW6432" value="C:\Program Files"/>
    <property name="TMP" value="C:\Users\jfebrern\AppData\Local\Temp"/>
    <property name="UATDATA" value="C:\WINDOWS\CCM\UATData\D9F8C395-CAB8-491d-B8AC-179A1FE1BE77"/>
    <property name="WSLENV" value="WT_SESSION::WT_PROFILE_ID"/>
    <property name="sun.cpu.endian" value="little"/>
    <property name="SystemDrive" value="C:"/>
    <property name="java.vm.version" value="15+36"/>
    <property name="java.class.path" value="C:\Users\jfebrern\.jenkins\plugins\maven-plugin\WEB-INF\lib\maven35-agent-1.13.jar;C:\Software\maven\apache-maven-3.8.2\boot\plexus-classworlds-2.6.0.jar;C:\Software\maven\apache-maven-3.8.2/conf/logging"/>
    <property name="org.slf4j.simpleLogger.defaultLogLevel" value="info"/>
    <property name="os.arch" value="amd64"/>
    <property name="WORKSPACE" value="C:\Users\jfebrern\.jenkins\workspace\SeleniumTesting"/>
    <property name="ComSpec" value="C:\WINDOWS\system32\cmd.exe"/>
    <property name="RUN_TESTS_DISPLAY_URL" value="http://localhost:8080/job/SeleniumTesting/10/display/redirect?page=tests"/>
    <property name="sun.java.launcher" value="SUN_STANDARD"/>
    <property name="SystemRoot" value="C:\WINDOWS"/>
    <property name="WT_PROFILE_ID" value="{61c54bbd-c2c6-5271-96e7-009a87ff44bf}"/>
    <property name="CommonProgramFiles" value="C:\Program Files (x86)\Common Files"/>
    <property name="java.vm.specification.vendor" value="Oracle Corporation"/>
    <property name="file.separator" value="\"/>
    <property name="ChocolateyInstall" value="C:\ProgramData\chocolatey"/>
    <property name="java.runtime.version" value="15+36"/>
    <property name="ProgramFiles" value="C:\Program Files (x86)"/>
    <property name="PATH+JDK" value="C:\Program Files\AdoptOpenJDK\jdk-15.0.0.36-hotspot/bin"/>
    <property name="user.country" value="US"/>
    <property name="POM_PACKAGING" value="jar"/>
    <property name="maven.home" value="C:\Software\maven\apache-maven-3.8.2"/>
    <property name="JOB_BASE_NAME" value="SeleniumTesting"/>
    <property name="java.vendor.version" value="AdoptOpenJDK"/>
    <property name="SAUCE_USERNAME" value="joan.febrer"/>
    <property name="java.vendor" value="AdoptOpenJDK"/>
    <property name="java.specification.version" value="15"/>
    <property name="POM_DISPLAYNAME" value="FormaciÃ³n Java_Selenenium_Formacion"/>
    <property name="sun.arch.data.model" value="64"/>
  </properties>
  <testcase classname="test.TestLevels" name="testLevels" time="7.366"/>
</testsuite>