<?xml version="1.0" encoding="UTF-8"?>
<!-- Generated by org.testng.reporters.JUnitReportReporter -->
<testsuite hostname="les010211" failures="0" tests="1" name="levels.LevelsRemoteWebDriver" time="6.901" errors="0" timestamp="2021-08-24T09:19:16 CEST" skipped="0">
  <testcase classname="levels.LevelsRemoteWebDriver" name="testLevels" time="6.901"/>
  <system-out/>
</testsuite> <!-- levels.LevelsRemoteWebDriver -->
